[2026-04-07T03:11:57.699+0000] {local_task_job_runner.py:120} INFO - ::group::Pre task execution logs
[2026-04-07T03:11:57.771+0000] {taskinstance.py:2073} INFO - Dependencies all met for dep_context=non-requeueable deps ti=<TaskInstance: pipeline_bronze_prata_ouro.carregar_ouro manual__2026-04-07T03:11:29.629448+00:00 [queued]>
[2026-04-07T03:11:57.787+0000] {taskinstance.py:2073} INFO - Dependencies all met for dep_context=requeueable deps ti=<TaskInstance: pipeline_bronze_prata_ouro.carregar_ouro manual__2026-04-07T03:11:29.629448+00:00 [queued]>
[2026-04-07T03:11:57.787+0000] {taskinstance.py:2303} INFO - Starting attempt 1 of 1
[2026-04-07T03:11:58.144+0000] {taskinstance.py:2327} INFO - Executing <Task(PythonOperator): carregar_ouro> on 2026-04-07 03:11:29.629448+00:00
[2026-04-07T03:11:58.159+0000] {standard_task_runner.py:90} INFO - Running: ['***', 'tasks', 'run', 'pipeline_bronze_prata_ouro', 'carregar_ouro', 'manual__2026-04-07T03:11:29.629448+00:00', '--job-id', '14', '--raw', '--subdir', 'DAGS_FOLDER/pipeline_etapas.py', '--cfg-path', '/tmp/tmpr12l7vl8']
[2026-04-07T03:11:58.162+0000] {standard_task_runner.py:91} INFO - Job 14: Subtask carregar_ouro
[2026-04-07T03:11:58.163+0000] {logging_mixin.py:188} WARNING - /home/***/.local/lib/python3.12/site-packages/***/task/task_runner/standard_task_runner.py:61 DeprecationWarning: This process (pid=658) is multi-threaded, use of fork() may lead to deadlocks in the child.
[2026-04-07T03:11:58.164+0000] {standard_task_runner.py:63} INFO - Started process 662 to run task
[2026-04-07T03:11:58.213+0000] {task_command.py:426} INFO - Running <TaskInstance: pipeline_bronze_prata_ouro.carregar_ouro manual__2026-04-07T03:11:29.629448+00:00 [running]> on host 5e832f466e05
[2026-04-07T03:11:58.316+0000] {taskinstance.py:2644} INFO - Exporting env vars: AIRFLOW_CTX_DAG_OWNER='***' AIRFLOW_CTX_DAG_ID='pipeline_bronze_prata_ouro' AIRFLOW_CTX_TASK_ID='carregar_ouro' AIRFLOW_CTX_EXECUTION_DATE='2026-04-07T03:11:29.629448+00:00' AIRFLOW_CTX_TRY_NUMBER='1' AIRFLOW_CTX_DAG_RUN_ID='manual__2026-04-07T03:11:29.629448+00:00'
[2026-04-07T03:11:58.318+0000] {taskinstance.py:430} INFO - ::endgroup::
[2026-04-07T03:11:58.346+0000] {logging_mixin.py:188} INFO - Carregando dados na Ouro...
[2026-04-07T03:11:58.459+0000] {taskinstance.py:441} INFO - ::group::Post task execution logs
[2026-04-07T03:11:58.459+0000] {taskinstance.py:2890} ERROR - Task failed with exception
Traceback (most recent call last):
  File "/home/airflow/.local/lib/python3.12/site-packages/airflow/models/taskinstance.py", line 465, in _execute_task
    result = _execute_callable(context=context, **execute_callable_kwargs)
             ^^^^^^^^^^^^^^^^^^^^^^^^^^^^^^^^^^^^^^^^^^^^^^^^^^^^^^^^^^^^^
  File "/home/airflow/.local/lib/python3.12/site-packages/airflow/models/taskinstance.py", line 432, in _execute_callable
    return execute_callable(context=context, **execute_callable_kwargs)
           ^^^^^^^^^^^^^^^^^^^^^^^^^^^^^^^^^^^^^^^^^^^^^^^^^^^^^^^^^^^^
  File "/home/airflow/.local/lib/python3.12/site-packages/airflow/models/baseoperator.py", line 400, in wrapper
    return func(self, *args, **kwargs)
           ^^^^^^^^^^^^^^^^^^^^^^^^^^^
  File "/home/airflow/.local/lib/python3.12/site-packages/airflow/operators/python.py", line 235, in execute
    return_value = self.execute_callable()
                   ^^^^^^^^^^^^^^^^^^^^^^^
  File "/home/airflow/.local/lib/python3.12/site-packages/airflow/operators/python.py", line 252, in execute_callable
    return self.python_callable(*self.op_args, **self.op_kwargs)
           ^^^^^^^^^^^^^^^^^^^^^^^^^^^^^^^^^^^^^^^^^^^^^^^^^^^^^
  File "/opt/airflow/dags/pipeline_etapas.py", line 50, in process_silver_to_gold
    df.groupby(["faixa_etaria", "status"])
  File "/home/airflow/.local/lib/python3.12/site-packages/pandas/core/frame.py", line 8869, in groupby
    return DataFrameGroupBy(
           ^^^^^^^^^^^^^^^^^
  File "/home/airflow/.local/lib/python3.12/site-packages/pandas/core/groupby/groupby.py", line 1278, in __init__
    grouper, exclusions, obj = get_grouper(
                               ^^^^^^^^^^^^
  File "/home/airflow/.local/lib/python3.12/site-packages/pandas/core/groupby/grouper.py", line 1009, in get_grouper
    raise KeyError(gpr)
KeyError: 'status'
[2026-04-07T03:11:58.486+0000] {taskinstance.py:1205} INFO - Marking task as FAILED. dag_id=pipeline_bronze_prata_ouro, task_id=carregar_ouro, execution_date=20260407T031129, start_date=20260407T031157, end_date=20260407T031158
[2026-04-07T03:11:58.502+0000] {standard_task_runner.py:110} ERROR - Failed to execute job 14 for task carregar_ouro ('status'; 662)
[2026-04-07T03:11:58.540+0000] {local_task_job_runner.py:240} INFO - Task exited with return code 1
[2026-04-07T03:11:58.558+0000] {taskinstance.py:3482} INFO - 0 downstream tasks scheduled from follow-on schedule check
[2026-04-07T03:11:58.560+0000] {local_task_job_runner.py:222} INFO - ::endgroup::
