[2026-04-07T03:09:25.037+0000] {local_task_job_runner.py:120} INFO - ::group::Pre task execution logs
[2026-04-07T03:09:25.161+0000] {taskinstance.py:2073} INFO - Dependencies all met for dep_context=non-requeueable deps ti=<TaskInstance: pipeline_bronze_prata_ouro.carregar_bronze manual__2026-04-07T03:09:18.970756+00:00 [queued]>
[2026-04-07T03:09:25.174+0000] {taskinstance.py:2073} INFO - Dependencies all met for dep_context=requeueable deps ti=<TaskInstance: pipeline_bronze_prata_ouro.carregar_bronze manual__2026-04-07T03:09:18.970756+00:00 [queued]>
[2026-04-07T03:09:25.175+0000] {taskinstance.py:2303} INFO - Starting attempt 1 of 1
[2026-04-07T03:09:29.795+0000] {taskinstance.py:2327} INFO - Executing <Task(PythonOperator): carregar_bronze> on 2026-04-07 03:09:18.970756+00:00
[2026-04-07T03:09:29.897+0000] {standard_task_runner.py:90} INFO - Running: ['***', 'tasks', 'run', 'pipeline_bronze_prata_ouro', 'carregar_bronze', 'manual__2026-04-07T03:09:18.970756+00:00', '--job-id', '6', '--raw', '--subdir', 'DAGS_FOLDER/pipeline_etapas.py', '--cfg-path', '/tmp/tmplmkha5ko']
[2026-04-07T03:09:29.947+0000] {logging_mixin.py:188} WARNING - /home/***/.local/lib/python3.12/site-packages/***/task/task_runner/standard_task_runner.py:61 DeprecationWarning: This process (pid=606) is multi-threaded, use of fork() may lead to deadlocks in the child.
[2026-04-07T03:09:29.967+0000] {standard_task_runner.py:63} INFO - Started process 611 to run task
[2026-04-07T03:09:29.967+0000] {standard_task_runner.py:91} INFO - Job 6: Subtask carregar_bronze
[2026-04-07T03:09:31.121+0000] {task_command.py:426} INFO - Running <TaskInstance: pipeline_bronze_prata_ouro.carregar_bronze manual__2026-04-07T03:09:18.970756+00:00 [running]> on host 5e832f466e05
[2026-04-07T03:09:31.684+0000] {taskinstance.py:2644} INFO - Exporting env vars: AIRFLOW_CTX_DAG_OWNER='***' AIRFLOW_CTX_DAG_ID='pipeline_bronze_prata_ouro' AIRFLOW_CTX_TASK_ID='carregar_bronze' AIRFLOW_CTX_EXECUTION_DATE='2026-04-07T03:09:18.970756+00:00' AIRFLOW_CTX_TRY_NUMBER='1' AIRFLOW_CTX_DAG_RUN_ID='manual__2026-04-07T03:09:18.970756+00:00'
[2026-04-07T03:09:31.702+0000] {taskinstance.py:430} INFO - ::endgroup::
[2026-04-07T03:09:31.773+0000] {logging_mixin.py:188} INFO - Carregando dados na Bronze...
[2026-04-07T03:09:32.570+0000] {logging_mixin.py:188} INFO -           id                name  ... signup_date subscription_status
0          1            John Doe  ...  2020-11-01              active
1          2          Jane Smith  ...  2019-06-17              active
2          3         Bob Johnson  ...  2018-12-12            inactive
3          4         Alice Brown  ...  2021-01-05              active
4          5       Charlie Black  ...         NaN            inactive
...      ...                 ...  ...         ...                 ...
99994  99995  Alexandria Garrett  ...  2020-10-28              active
99995  99996                 NaN  ...  2021-02-12              active
99996  99997                 NaN  ...  2022-05-21              active
99997  99998    Steven Brady Jr.  ...  2024-03-11              active
99998  99999   Jennifer Calderon  ...  2023-11-10            inactive

[99999 rows x 6 columns]
[2026-04-07T03:09:32.581+0000] {python.py:237} INFO - Done. Returned value was: None
[2026-04-07T03:09:32.582+0000] {taskinstance.py:441} INFO - ::group::Post task execution logs
[2026-04-07T03:09:32.616+0000] {taskinstance.py:1205} INFO - Marking task as SUCCESS. dag_id=pipeline_bronze_prata_ouro, task_id=carregar_bronze, execution_date=20260407T030918, start_date=20260407T030925, end_date=20260407T030932
[2026-04-07T03:09:32.662+0000] {local_task_job_runner.py:240} INFO - Task exited with return code 0
[2026-04-07T03:09:32.712+0000] {taskinstance.py:3482} INFO - 1 downstream tasks scheduled from follow-on schedule check
[2026-04-07T03:09:32.716+0000] {local_task_job_runner.py:222} INFO - ::endgroup::
