[2026-04-07T02:53:54.064+0000] {local_task_job_runner.py:120} INFO - ::group::Pre task execution logs
[2026-04-07T02:53:54.238+0000] {taskinstance.py:2073} INFO - Dependencies all met for dep_context=non-requeueable deps ti=<TaskInstance: pipeline_bronze_prata_ouro.carregar_bronze manual__2026-04-07T02:53:49.792036+00:00 [queued]>
[2026-04-07T02:53:54.269+0000] {taskinstance.py:2073} INFO - Dependencies all met for dep_context=requeueable deps ti=<TaskInstance: pipeline_bronze_prata_ouro.carregar_bronze manual__2026-04-07T02:53:49.792036+00:00 [queued]>
[2026-04-07T02:53:54.271+0000] {taskinstance.py:2303} INFO - Starting attempt 1 of 1
[2026-04-07T02:53:56.087+0000] {taskinstance.py:2327} INFO - Executing <Task(PythonOperator): carregar_bronze> on 2026-04-07 02:53:49.792036+00:00
[2026-04-07T02:53:56.127+0000] {standard_task_runner.py:90} INFO - Running: ['***', 'tasks', 'run', 'pipeline_bronze_prata_ouro', 'carregar_bronze', 'manual__2026-04-07T02:53:49.792036+00:00', '--job-id', '5', '--raw', '--subdir', 'DAGS_FOLDER/pipeline_etapas.py', '--cfg-path', '/tmp/tmpc8jfbtrg']
[2026-04-07T02:53:56.135+0000] {standard_task_runner.py:91} INFO - Job 5: Subtask carregar_bronze
[2026-04-07T02:53:56.135+0000] {logging_mixin.py:188} WARNING - /home/***/.local/lib/python3.12/site-packages/***/task/task_runner/standard_task_runner.py:61 DeprecationWarning: This process (pid=487) is multi-threaded, use of fork() may lead to deadlocks in the child.
[2026-04-07T02:53:56.136+0000] {standard_task_runner.py:63} INFO - Started process 489 to run task
[2026-04-07T02:53:56.235+0000] {task_command.py:426} INFO - Running <TaskInstance: pipeline_bronze_prata_ouro.carregar_bronze manual__2026-04-07T02:53:49.792036+00:00 [running]> on host 5e832f466e05
[2026-04-07T02:53:56.415+0000] {taskinstance.py:2644} INFO - Exporting env vars: AIRFLOW_CTX_DAG_OWNER='***' AIRFLOW_CTX_DAG_ID='pipeline_bronze_prata_ouro' AIRFLOW_CTX_TASK_ID='carregar_bronze' AIRFLOW_CTX_EXECUTION_DATE='2026-04-07T02:53:49.792036+00:00' AIRFLOW_CTX_TRY_NUMBER='1' AIRFLOW_CTX_DAG_RUN_ID='manual__2026-04-07T02:53:49.792036+00:00'
[2026-04-07T02:53:56.418+0000] {taskinstance.py:430} INFO - ::endgroup::
[2026-04-07T02:53:56.461+0000] {logging_mixin.py:188} INFO - Carregando dados na Bronze...
[2026-04-07T02:53:57.769+0000] {taskinstance.py:441} INFO - ::group::Post task execution logs
[2026-04-07T02:53:57.769+0000] {taskinstance.py:2890} ERROR - Task failed with exception
Traceback (most recent call last):
  File "/home/airflow/.local/lib/python3.12/site-packages/airflow/models/taskinstance.py", line 465, in _execute_task
    result = _execute_callable(context=context, **execute_callable_kwargs)
             ^^^^^^^^^^^^^^^^^^^^^^^^^^^^^^^^^^^^^^^^^^^^^^^^^^^^^^^^^^^^^
  File "/home/airflow/.local/lib/python3.12/site-packages/airflow/models/taskinstance.py", line 432, in _execute_callable
    return execute_callable(context=context, **execute_callable_kwargs)
           ^^^^^^^^^^^^^^^^^^^^^^^^^^^^^^^^^^^^^^^^^^^^^^^^^^^^^^^^^^^^
  File "/home/airflow/.local/lib/python3.12/site-packages/airflow/models/baseoperator.py", line 400, in wrapper
    return func(self, *args, **kwargs)
           ^^^^^^^^^^^^^^^^^^^^^^^^^^^
  File "/home/airflow/.local/lib/python3.12/site-packages/airflow/operators/python.py", line 235, in execute
    return_value = self.execute_callable()
                   ^^^^^^^^^^^^^^^^^^^^^^^
  File "/home/airflow/.local/lib/python3.12/site-packages/airflow/operators/python.py", line 252, in execute_callable
    return self.python_callable(*self.op_args, **self.op_kwargs)
           ^^^^^^^^^^^^^^^^^^^^^^^^^^^^^^^^^^^^^^^^^^^^^^^^^^^^^
  File "/opt/airflow/dags/pipeline_etapas.py", line 13, in upload_raw_data_to_bronze
    df.to_csv("/opt/airflow/data/bronze/subindo_dados.csv", index=False)
  File "/home/airflow/.local/lib/python3.12/site-packages/pandas/core/generic.py", line 3902, in to_csv
    return DataFrameRenderer(formatter).to_csv(
           ^^^^^^^^^^^^^^^^^^^^^^^^^^^^^^^^^^^^
  File "/home/airflow/.local/lib/python3.12/site-packages/pandas/io/formats/format.py", line 1152, in to_csv
    csv_formatter.save()
  File "/home/airflow/.local/lib/python3.12/site-packages/pandas/io/formats/csvs.py", line 247, in save
    with get_handle(
         ^^^^^^^^^^^
  File "/home/airflow/.local/lib/python3.12/site-packages/pandas/io/common.py", line 863, in get_handle
    handle = open(
             ^^^^^
PermissionError: [Errno 13] Permission denied: '/opt/airflow/data/bronze/subindo_dados.csv'
[2026-04-07T02:53:57.817+0000] {taskinstance.py:1205} INFO - Marking task as FAILED. dag_id=pipeline_bronze_prata_ouro, task_id=carregar_bronze, execution_date=20260407T025349, start_date=20260407T025354, end_date=20260407T025357
[2026-04-07T02:53:57.848+0000] {standard_task_runner.py:110} ERROR - Failed to execute job 5 for task carregar_bronze ([Errno 13] Permission denied: '/opt/airflow/data/bronze/subindo_dados.csv'; 489)
[2026-04-07T02:53:57.880+0000] {local_task_job_runner.py:240} INFO - Task exited with return code 1
[2026-04-07T02:53:57.904+0000] {taskinstance.py:3482} INFO - 0 downstream tasks scheduled from follow-on schedule check
[2026-04-07T02:53:57.910+0000] {local_task_job_runner.py:222} INFO - ::endgroup::
