[2026-04-07T02:22:12.748+0000] {manager.py:470} INFO - Processing files using up to 2 processes at a time 
[2026-04-07T02:22:12.749+0000] {manager.py:471} INFO - Process each file at most once every 30 seconds
[2026-04-07T02:22:12.750+0000] {manager.py:472} INFO - Checking for new files in /opt/airflow/dags every 300 seconds
[2026-04-07T02:22:12.753+0000] {manager.py:737} INFO - Searching for files in /opt/airflow/dags
[2026-04-07T02:22:12.767+0000] {manager.py:740} INFO - There are 1 files in /opt/airflow/dags
[2026-04-07T02:22:13.723+0000] {manager.py:878} INFO - 
================================================================================
DAG File Processing Stats

File Path                               PID  Runtime      # DAGs    # Errors  Last Runtime    Last Run
------------------------------------  -----  ---------  --------  ----------  --------------  ----------
/opt/airflow/dags/pipeline_etapas.py    159  0.62s             0           0
================================================================================
[2026-04-07T02:22:44.640+0000] {manager.py:878} INFO - 
================================================================================
DAG File Processing Stats

File Path                               PID  Runtime      # DAGs    # Errors  Last Runtime    Last Run
------------------------------------  -----  ---------  --------  ----------  --------------  -------------------
/opt/airflow/dags/pipeline_etapas.py    165  0.02s             0           1  0.63s           2026-04-07T02:22:13
================================================================================
[2026-04-07T02:23:16.010+0000] {manager.py:878} INFO - 
================================================================================
DAG File Processing Stats

File Path                               PID  Runtime      # DAGs    # Errors  Last Runtime    Last Run
------------------------------------  -----  ---------  --------  ----------  --------------  -------------------
/opt/airflow/dags/pipeline_etapas.py    170  0.03s             0           1  0.48s           2026-04-07T02:22:45
================================================================================
[2026-04-07T02:23:46.274+0000] {manager.py:878} INFO - 
================================================================================
DAG File Processing Stats

File Path                             PID    Runtime      # DAGs    # Errors  Last Runtime    Last Run
------------------------------------  -----  ---------  --------  ----------  --------------  -------------------
/opt/airflow/dags/pipeline_etapas.py                           0           1  0.34s           2026-04-07T02:23:16
================================================================================
[2026-04-07T02:24:16.900+0000] {manager.py:878} INFO - 
================================================================================
DAG File Processing Stats

File Path                               PID  Runtime      # DAGs    # Errors  Last Runtime    Last Run
------------------------------------  -----  ---------  --------  ----------  --------------  -------------------
/opt/airflow/dags/pipeline_etapas.py    180  0.01s             0           1  0.22s           2026-04-07T02:23:46
================================================================================
[2026-04-07T02:24:47.127+0000] {manager.py:878} INFO - 
================================================================================
DAG File Processing Stats

File Path                               PID  Runtime      # DAGs    # Errors  Last Runtime    Last Run
------------------------------------  -----  ---------  --------  ----------  --------------  -------------------
/opt/airflow/dags/pipeline_etapas.py    185  0.01s             0           1  0.08s           2026-04-07T02:24:16
================================================================================
[2026-04-07T02:25:17.527+0000] {manager.py:878} INFO - 
================================================================================
DAG File Processing Stats

File Path                               PID  Runtime      # DAGs    # Errors  Last Runtime    Last Run
------------------------------------  -----  ---------  --------  ----------  --------------  -------------------
/opt/airflow/dags/pipeline_etapas.py    190  0.01s             0           1  0.25s           2026-04-07T02:24:47
================================================================================
[2026-04-07T02:25:48.107+0000] {manager.py:878} INFO - 
================================================================================
DAG File Processing Stats

File Path                             PID    Runtime      # DAGs    # Errors  Last Runtime    Last Run
------------------------------------  -----  ---------  --------  ----------  --------------  -------------------
/opt/airflow/dags/pipeline_etapas.py                           0           1  1.62s           2026-04-07T02:25:19
================================================================================
[2026-04-07T02:26:18.569+0000] {manager.py:878} INFO - 
================================================================================
DAG File Processing Stats

File Path                             PID    Runtime      # DAGs    # Errors  Last Runtime    Last Run
------------------------------------  -----  ---------  --------  ----------  --------------  -------------------
/opt/airflow/dags/pipeline_etapas.py                           0           1  0.28s           2026-04-07T02:25:49
================================================================================
[2026-04-07T02:26:49.072+0000] {manager.py:878} INFO - 
================================================================================
DAG File Processing Stats

File Path                             PID    Runtime      # DAGs    # Errors  Last Runtime    Last Run
------------------------------------  -----  ---------  --------  ----------  --------------  -------------------
/opt/airflow/dags/pipeline_etapas.py                           0           1  0.11s           2026-04-07T02:26:19
================================================================================
[2026-04-07T02:27:13.579+0000] {manager.py:737} INFO - Searching for files in /opt/airflow/dags
[2026-04-07T02:27:13.600+0000] {manager.py:740} INFO - There are 1 files in /opt/airflow/dags
[2026-04-07T02:27:19.738+0000] {manager.py:878} INFO - 
================================================================================
DAG File Processing Stats

File Path                             PID    Runtime      # DAGs    # Errors  Last Runtime    Last Run
------------------------------------  -----  ---------  --------  ----------  --------------  -------------------
/opt/airflow/dags/pipeline_etapas.py                           0           1  0.09s           2026-04-07T02:26:50
================================================================================
[2026-04-07T02:27:50.011+0000] {manager.py:878} INFO - 
================================================================================
DAG File Processing Stats

File Path                             PID    Runtime      # DAGs    # Errors  Last Runtime    Last Run
------------------------------------  -----  ---------  --------  ----------  --------------  -------------------
/opt/airflow/dags/pipeline_etapas.py                           0           1  0.09s           2026-04-07T02:27:20
================================================================================
[2026-04-07T02:28:20.300+0000] {manager.py:878} INFO - 
================================================================================
DAG File Processing Stats

File Path                             PID    Runtime      # DAGs    # Errors  Last Runtime    Last Run
------------------------------------  -----  ---------  --------  ----------  --------------  -------------------
/opt/airflow/dags/pipeline_etapas.py                           0           1  0.29s           2026-04-07T02:27:51
================================================================================
[2026-04-07T02:28:50.587+0000] {manager.py:878} INFO - 
================================================================================
DAG File Processing Stats

File Path                             PID    Runtime      # DAGs    # Errors  Last Runtime    Last Run
------------------------------------  -----  ---------  --------  ----------  --------------  -------------------
/opt/airflow/dags/pipeline_etapas.py                           0           1  2.04s           2026-04-07T02:28:23
================================================================================
[2026-04-07T02:29:21.444+0000] {manager.py:878} INFO - 
================================================================================
DAG File Processing Stats

File Path                             PID    Runtime      # DAGs    # Errors  Last Runtime    Last Run
------------------------------------  -----  ---------  --------  ----------  --------------  -------------------
/opt/airflow/dags/pipeline_etapas.py                           0           1  1.45s           2026-04-07T02:28:55
================================================================================
[2026-04-07T02:29:51.703+0000] {manager.py:878} INFO - 
================================================================================
DAG File Processing Stats

File Path                             PID    Runtime      # DAGs    # Errors  Last Runtime    Last Run
------------------------------------  -----  ---------  --------  ----------  --------------  -------------------
/opt/airflow/dags/pipeline_etapas.py                           0           1  0.10s           2026-04-07T02:29:25
================================================================================
[2026-04-07T02:30:22.041+0000] {manager.py:878} INFO - 
================================================================================
DAG File Processing Stats

File Path                             PID    Runtime      # DAGs    # Errors  Last Runtime    Last Run
------------------------------------  -----  ---------  --------  ----------  --------------  -------------------
/opt/airflow/dags/pipeline_etapas.py                           0           1  3.37s           2026-04-07T02:29:59
================================================================================
[2026-04-07T02:30:52.504+0000] {manager.py:878} INFO - 
================================================================================
DAG File Processing Stats

File Path                             PID    Runtime      # DAGs    # Errors  Last Runtime    Last Run
------------------------------------  -----  ---------  --------  ----------  --------------  -------------------
/opt/airflow/dags/pipeline_etapas.py                           0           1  0.10s           2026-04-07T02:30:29
================================================================================
[2026-04-07T02:31:22.781+0000] {manager.py:878} INFO - 
================================================================================
DAG File Processing Stats

File Path                             PID    Runtime      # DAGs    # Errors  Last Runtime    Last Run
------------------------------------  -----  ---------  --------  ----------  --------------  -------------------
/opt/airflow/dags/pipeline_etapas.py                           0           1  0.14s           2026-04-07T02:30:59
================================================================================
[2026-04-07T02:31:53.192+0000] {manager.py:878} INFO - 
================================================================================
DAG File Processing Stats

File Path                             PID    Runtime      # DAGs    # Errors  Last Runtime    Last Run
------------------------------------  -----  ---------  --------  ----------  --------------  -------------------
/opt/airflow/dags/pipeline_etapas.py                           0           1  0.16s           2026-04-07T02:31:30
================================================================================
[2026-04-07T02:32:13.904+0000] {manager.py:737} INFO - Searching for files in /opt/airflow/dags
[2026-04-07T02:32:13.921+0000] {manager.py:740} INFO - There are 1 files in /opt/airflow/dags
[2026-04-07T02:32:24.058+0000] {manager.py:878} INFO - 
================================================================================
DAG File Processing Stats

File Path                             PID    Runtime      # DAGs    # Errors  Last Runtime    Last Run
------------------------------------  -----  ---------  --------  ----------  --------------  -------------------
/opt/airflow/dags/pipeline_etapas.py                           0           1  0.46s           2026-04-07T02:32:00
================================================================================
[2026-04-07T02:32:54.294+0000] {manager.py:878} INFO - 
================================================================================
DAG File Processing Stats

File Path                             PID    Runtime      # DAGs    # Errors  Last Runtime    Last Run
------------------------------------  -----  ---------  --------  ----------  --------------  -------------------
/opt/airflow/dags/pipeline_etapas.py                           0           1  0.08s           2026-04-07T02:32:31
================================================================================
[2026-04-07T02:33:24.734+0000] {manager.py:878} INFO - 
================================================================================
DAG File Processing Stats

File Path                             PID    Runtime      # DAGs    # Errors  Last Runtime    Last Run
------------------------------------  -----  ---------  --------  ----------  --------------  -------------------
/opt/airflow/dags/pipeline_etapas.py                           0           1  0.34s           2026-04-07T02:33:01
================================================================================
[2026-04-07T02:33:55.075+0000] {manager.py:878} INFO - 
================================================================================
DAG File Processing Stats

File Path                             PID    Runtime      # DAGs    # Errors  Last Runtime    Last Run
------------------------------------  -----  ---------  --------  ----------  --------------  -------------------
/opt/airflow/dags/pipeline_etapas.py                           0           1  0.27s           2026-04-07T02:33:32
================================================================================
[2026-04-07T02:34:25.442+0000] {manager.py:878} INFO - 
================================================================================
DAG File Processing Stats

File Path                             PID    Runtime      # DAGs    # Errors  Last Runtime    Last Run
------------------------------------  -----  ---------  --------  ----------  --------------  -------------------
/opt/airflow/dags/pipeline_etapas.py                           0           1  0.19s           2026-04-07T02:34:02
================================================================================
[2026-04-07T02:34:55.718+0000] {manager.py:878} INFO - 
================================================================================
DAG File Processing Stats

File Path                             PID    Runtime      # DAGs    # Errors  Last Runtime    Last Run
------------------------------------  -----  ---------  --------  ----------  --------------  -------------------
/opt/airflow/dags/pipeline_etapas.py                           0           1  0.08s           2026-04-07T02:34:32
================================================================================
[2026-04-07T02:35:26.051+0000] {manager.py:878} INFO - 
================================================================================
DAG File Processing Stats

File Path                             PID    Runtime      # DAGs    # Errors  Last Runtime    Last Run
------------------------------------  -----  ---------  --------  ----------  --------------  -------------------
/opt/airflow/dags/pipeline_etapas.py                           0           1  0.29s           2026-04-07T02:35:03
================================================================================
[2026-04-07T02:35:56.452+0000] {manager.py:878} INFO - 
================================================================================
DAG File Processing Stats

File Path                             PID    Runtime      # DAGs    # Errors  Last Runtime    Last Run
------------------------------------  -----  ---------  --------  ----------  --------------  -------------------
/opt/airflow/dags/pipeline_etapas.py                           0           1  0.10s           2026-04-07T02:35:33
================================================================================
[2026-04-07T02:36:26.738+0000] {manager.py:878} INFO - 
================================================================================
DAG File Processing Stats

File Path                             PID    Runtime      # DAGs    # Errors  Last Runtime    Last Run
------------------------------------  -----  ---------  --------  ----------  --------------  -------------------
/opt/airflow/dags/pipeline_etapas.py                           0           1  0.10s           2026-04-07T02:36:03
================================================================================
[2026-04-07T02:36:57.010+0000] {manager.py:878} INFO - 
================================================================================
DAG File Processing Stats

File Path                             PID    Runtime      # DAGs    # Errors  Last Runtime    Last Run
------------------------------------  -----  ---------  --------  ----------  --------------  -------------------
/opt/airflow/dags/pipeline_etapas.py                           0           1  0.08s           2026-04-07T02:36:33
================================================================================
[2026-04-07T02:37:14.161+0000] {manager.py:737} INFO - Searching for files in /opt/airflow/dags
[2026-04-07T02:37:14.176+0000] {manager.py:740} INFO - There are 1 files in /opt/airflow/dags
[2026-04-07T02:37:27.309+0000] {manager.py:878} INFO - 
================================================================================
DAG File Processing Stats

File Path                             PID    Runtime      # DAGs    # Errors  Last Runtime    Last Run
------------------------------------  -----  ---------  --------  ----------  --------------  -------------------
/opt/airflow/dags/pipeline_etapas.py                           0           1  0.09s           2026-04-07T02:37:04
================================================================================
[2026-04-07T02:37:57.564+0000] {manager.py:878} INFO - 
================================================================================
DAG File Processing Stats

File Path                             PID    Runtime      # DAGs    # Errors  Last Runtime    Last Run
------------------------------------  -----  ---------  --------  ----------  --------------  -------------------
/opt/airflow/dags/pipeline_etapas.py                           0           1  0.08s           2026-04-07T02:37:34
================================================================================
[2026-04-07T02:38:27.792+0000] {manager.py:878} INFO - 
================================================================================
DAG File Processing Stats

File Path                             PID    Runtime      # DAGs    # Errors  Last Runtime    Last Run
------------------------------------  -----  ---------  --------  ----------  --------------  -------------------
/opt/airflow/dags/pipeline_etapas.py                           0           1  0.10s           2026-04-07T02:38:04
================================================================================
[2026-04-07T02:38:58.027+0000] {manager.py:878} INFO - 
================================================================================
DAG File Processing Stats

File Path                             PID    Runtime      # DAGs    # Errors  Last Runtime    Last Run
------------------------------------  -----  ---------  --------  ----------  --------------  -------------------
/opt/airflow/dags/pipeline_etapas.py                           0           1  0.08s           2026-04-07T02:38:34
================================================================================
[2026-04-07T02:39:28.403+0000] {manager.py:878} INFO - 
================================================================================
DAG File Processing Stats

File Path                             PID    Runtime      # DAGs    # Errors  Last Runtime    Last Run
------------------------------------  -----  ---------  --------  ----------  --------------  -------------------
/opt/airflow/dags/pipeline_etapas.py                           0           1  0.70s           2026-04-07T02:39:05
================================================================================
[2026-04-07T02:39:59.174+0000] {manager.py:878} INFO - 
================================================================================
DAG File Processing Stats

File Path                             PID    Runtime      # DAGs    # Errors  Last Runtime    Last Run
------------------------------------  -----  ---------  --------  ----------  --------------  -------------------
/opt/airflow/dags/pipeline_etapas.py                           0           1  0.14s           2026-04-07T02:39:36
================================================================================
[2026-04-07T02:40:29.469+0000] {manager.py:878} INFO - 
================================================================================
DAG File Processing Stats

File Path                             PID    Runtime      # DAGs    # Errors  Last Runtime    Last Run
------------------------------------  -----  ---------  --------  ----------  --------------  -------------------
/opt/airflow/dags/pipeline_etapas.py                           0           1  0.09s           2026-04-07T02:40:06
================================================================================
[2026-04-07T02:40:59.724+0000] {manager.py:878} INFO - 
================================================================================
DAG File Processing Stats

File Path                             PID    Runtime      # DAGs    # Errors  Last Runtime    Last Run
------------------------------------  -----  ---------  --------  ----------  --------------  -------------------
/opt/airflow/dags/pipeline_etapas.py                           0           1  0.07s           2026-04-07T02:40:36
================================================================================
[2026-04-07T02:41:29.958+0000] {manager.py:878} INFO - 
================================================================================
DAG File Processing Stats

File Path                             PID    Runtime      # DAGs    # Errors  Last Runtime    Last Run
------------------------------------  -----  ---------  --------  ----------  --------------  -------------------
/opt/airflow/dags/pipeline_etapas.py                           0           1  0.07s           2026-04-07T02:41:06
================================================================================
[2026-04-07T02:42:00.657+0000] {manager.py:878} INFO - 
================================================================================
DAG File Processing Stats

File Path                             PID    Runtime      # DAGs    # Errors  Last Runtime    Last Run
------------------------------------  -----  ---------  --------  ----------  --------------  -------------------
/opt/airflow/dags/pipeline_etapas.py                           0           1  1.17s           2026-04-07T02:41:38
================================================================================
[2026-04-07T02:42:14.840+0000] {manager.py:737} INFO - Searching for files in /opt/airflow/dags
[2026-04-07T02:42:14.850+0000] {manager.py:740} INFO - There are 1 files in /opt/airflow/dags
[2026-04-07T02:42:31.062+0000] {manager.py:878} INFO - 
================================================================================
DAG File Processing Stats

File Path                             PID    Runtime      # DAGs    # Errors  Last Runtime    Last Run
------------------------------------  -----  ---------  --------  ----------  --------------  -------------------
/opt/airflow/dags/pipeline_etapas.py                           0           1  0.10s           2026-04-07T02:42:08
================================================================================
[2026-04-07T02:43:01.288+0000] {manager.py:878} INFO - 
================================================================================
DAG File Processing Stats

File Path                             PID    Runtime      # DAGs    # Errors  Last Runtime    Last Run
------------------------------------  -----  ---------  --------  ----------  --------------  -------------------
/opt/airflow/dags/pipeline_etapas.py                           0           1  0.07s           2026-04-07T02:42:39
================================================================================
[2026-04-07T02:43:31.544+0000] {manager.py:878} INFO - 
================================================================================
DAG File Processing Stats

File Path                             PID    Runtime      # DAGs    # Errors  Last Runtime    Last Run
------------------------------------  -----  ---------  --------  ----------  --------------  -------------------
/opt/airflow/dags/pipeline_etapas.py                           0           1  0.08s           2026-04-07T02:43:09
================================================================================
[2026-04-07T02:44:01.788+0000] {manager.py:878} INFO - 
================================================================================
DAG File Processing Stats

File Path                             PID    Runtime      # DAGs    # Errors  Last Runtime    Last Run
------------------------------------  -----  ---------  --------  ----------  --------------  -------------------
/opt/airflow/dags/pipeline_etapas.py                           0           1  0.07s           2026-04-07T02:43:39
================================================================================
[2026-04-07T02:44:32.268+0000] {manager.py:878} INFO - 
================================================================================
DAG File Processing Stats

File Path                             PID    Runtime      # DAGs    # Errors  Last Runtime    Last Run
------------------------------------  -----  ---------  --------  ----------  --------------  -------------------
/opt/airflow/dags/pipeline_etapas.py                           0           1  0.08s           2026-04-07T02:44:09
================================================================================
[2026-04-07T02:45:02.520+0000] {manager.py:878} INFO - 
================================================================================
DAG File Processing Stats

File Path                             PID    Runtime      # DAGs    # Errors  Last Runtime    Last Run
------------------------------------  -----  ---------  --------  ----------  --------------  -------------------
/opt/airflow/dags/pipeline_etapas.py                           0           1  0.08s           2026-04-07T02:44:40
================================================================================
[2026-04-07T02:45:32.790+0000] {manager.py:878} INFO - 
================================================================================
DAG File Processing Stats

File Path                             PID    Runtime      # DAGs    # Errors  Last Runtime    Last Run
------------------------------------  -----  ---------  --------  ----------  --------------  -------------------
/opt/airflow/dags/pipeline_etapas.py                           0           1  0.09s           2026-04-07T02:45:10
================================================================================
[2026-04-07T02:46:03.048+0000] {manager.py:878} INFO - 
================================================================================
DAG File Processing Stats

File Path                             PID    Runtime      # DAGs    # Errors  Last Runtime    Last Run
------------------------------------  -----  ---------  --------  ----------  --------------  -------------------
/opt/airflow/dags/pipeline_etapas.py                           0           1  0.22s           2026-04-07T02:45:41
================================================================================
[2026-04-07T02:46:33.288+0000] {manager.py:878} INFO - 
================================================================================
DAG File Processing Stats

File Path                               PID  Runtime      # DAGs    # Errors  Last Runtime    Last Run
------------------------------------  -----  ---------  --------  ----------  --------------  -------------------
/opt/airflow/dags/pipeline_etapas.py    400  13.15s            0           1  0.41s           2026-04-07T02:46:11
================================================================================
[2026-04-07T02:47:03.889+0000] {manager.py:878} INFO - 
================================================================================
DAG File Processing Stats

File Path                             PID    Runtime      # DAGs    # Errors  Last Runtime    Last Run
------------------------------------  -----  ---------  --------  ----------  --------------  -------------------
/opt/airflow/dags/pipeline_etapas.py                           1           0  16.61s          2026-04-07T02:46:36
================================================================================
[2026-04-07T02:47:15.109+0000] {manager.py:737} INFO - Searching for files in /opt/airflow/dags
[2026-04-07T02:47:15.116+0000] {manager.py:740} INFO - There are 1 files in /opt/airflow/dags
[2026-04-07T02:47:34.266+0000] {manager.py:878} INFO - 
================================================================================
DAG File Processing Stats

File Path                             PID    Runtime      # DAGs    # Errors  Last Runtime    Last Run
------------------------------------  -----  ---------  --------  ----------  --------------  -------------------
/opt/airflow/dags/pipeline_etapas.py                           1           0  6.76s           2026-04-07T02:47:14
================================================================================
[2026-04-07T02:48:04.479+0000] {manager.py:878} INFO - 
================================================================================
DAG File Processing Stats

File Path                             PID    Runtime      # DAGs    # Errors  Last Runtime    Last Run
------------------------------------  -----  ---------  --------  ----------  --------------  -------------------
/opt/airflow/dags/pipeline_etapas.py                           1           0  1.56s           2026-04-07T02:47:45
================================================================================
[2026-04-07T02:48:35.256+0000] {manager.py:878} INFO - 
================================================================================
DAG File Processing Stats

File Path                             PID    Runtime      # DAGs    # Errors  Last Runtime    Last Run
------------------------------------  -----  ---------  --------  ----------  --------------  -------------------
/opt/airflow/dags/pipeline_etapas.py                           1           0  1.22s           2026-04-07T02:48:17
================================================================================
[2026-04-07T02:49:12.045+0000] {manager.py:878} INFO - 
================================================================================
DAG File Processing Stats

File Path                             PID    Runtime      # DAGs    # Errors  Last Runtime    Last Run
------------------------------------  -----  ---------  --------  ----------  --------------  -------------------
/opt/airflow/dags/pipeline_etapas.py                           1           0  3.89s           2026-04-07T02:48:51
================================================================================
[2026-04-07T02:49:43.954+0000] {manager.py:878} INFO - 
================================================================================
DAG File Processing Stats

File Path                             PID    Runtime      # DAGs    # Errors  Last Runtime    Last Run
------------------------------------  -----  ---------  --------  ----------  --------------  -------------------
/opt/airflow/dags/pipeline_etapas.py                           1           0  10.45s          2026-04-07T02:49:32
================================================================================
[2026-04-07T02:50:14.349+0000] {manager.py:878} INFO - 
================================================================================
DAG File Processing Stats

File Path                             PID    Runtime      # DAGs    # Errors  Last Runtime    Last Run
------------------------------------  -----  ---------  --------  ----------  --------------  -------------------
/opt/airflow/dags/pipeline_etapas.py                           1           0  7.35s           2026-04-07T02:50:10
================================================================================
[2026-04-07T02:50:45.510+0000] {manager.py:878} INFO - 
================================================================================
DAG File Processing Stats

File Path                               PID  Runtime      # DAGs    # Errors  Last Runtime    Last Run
------------------------------------  -----  ---------  --------  ----------  --------------  -------------------
/opt/airflow/dags/pipeline_etapas.py    448  4.05s             1           0  7.35s           2026-04-07T02:50:10
================================================================================
[2026-04-07T02:51:16.379+0000] {manager.py:878} INFO - 
================================================================================
DAG File Processing Stats

File Path                             PID    Runtime      # DAGs    # Errors  Last Runtime    Last Run
------------------------------------  -----  ---------  --------  ----------  --------------  -------------------
/opt/airflow/dags/pipeline_etapas.py                           1           0  6.95s           2026-04-07T02:50:47
================================================================================
[2026-04-07T02:51:46.827+0000] {manager.py:878} INFO - 
================================================================================
DAG File Processing Stats

File Path                             PID    Runtime      # DAGs    # Errors  Last Runtime    Last Run
------------------------------------  -----  ---------  --------  ----------  --------------  -------------------
/opt/airflow/dags/pipeline_etapas.py                           1           0  8.60s           2026-04-07T02:51:27
================================================================================
[2026-04-07T02:52:15.391+0000] {manager.py:737} INFO - Searching for files in /opt/airflow/dags
[2026-04-07T02:52:15.400+0000] {manager.py:740} INFO - There are 1 files in /opt/airflow/dags
[2026-04-07T02:52:17.476+0000] {manager.py:878} INFO - 
================================================================================
DAG File Processing Stats

File Path                             PID    Runtime      # DAGs    # Errors  Last Runtime    Last Run
------------------------------------  -----  ---------  --------  ----------  --------------  -------------------
/opt/airflow/dags/pipeline_etapas.py                           1           0  2.21s           2026-04-07T02:52:01
================================================================================
[2026-04-07T02:52:47.641+0000] {manager.py:878} INFO - 
================================================================================
DAG File Processing Stats

File Path                             PID    Runtime      # DAGs    # Errors  Last Runtime    Last Run
------------------------------------  -----  ---------  --------  ----------  --------------  -------------------
/opt/airflow/dags/pipeline_etapas.py                           1           0  2.82s           2026-04-07T02:52:34
================================================================================
[2026-04-07T02:53:17.934+0000] {manager.py:878} INFO - 
================================================================================
DAG File Processing Stats

File Path                             PID    Runtime      # DAGs    # Errors  Last Runtime    Last Run
------------------------------------  -----  ---------  --------  ----------  --------------  -------------------
/opt/airflow/dags/pipeline_etapas.py                           1           0  7.31s           2026-04-07T02:53:12
================================================================================
[2026-04-07T02:53:48.476+0000] {manager.py:878} INFO - 
================================================================================
DAG File Processing Stats

File Path                             PID    Runtime      # DAGs    # Errors  Last Runtime    Last Run
------------------------------------  -----  ---------  --------  ----------  --------------  -------------------
/opt/airflow/dags/pipeline_etapas.py                           1           0  5.47s           2026-04-07T02:53:47
================================================================================
[2026-04-07T02:54:18.514+0000] {manager.py:878} INFO - 
================================================================================
DAG File Processing Stats

File Path                               PID  Runtime      # DAGs    # Errors  Last Runtime    Last Run
------------------------------------  -----  ---------  --------  ----------  --------------  -------------------
/opt/airflow/dags/pipeline_etapas.py    490  0.03s             1           0  5.47s           2026-04-07T02:53:47
================================================================================
[2026-04-07T02:54:49.550+0000] {manager.py:878} INFO - 
================================================================================
DAG File Processing Stats

File Path                             PID    Runtime      # DAGs    # Errors  Last Runtime    Last Run
------------------------------------  -----  ---------  --------  ----------  --------------  -------------------
/opt/airflow/dags/pipeline_etapas.py                           1           0  6.04s           2026-04-07T02:54:24
================================================================================
[2026-04-07T02:55:19.920+0000] {manager.py:878} INFO - 
================================================================================
DAG File Processing Stats

File Path                             PID    Runtime      # DAGs    # Errors  Last Runtime    Last Run
------------------------------------  -----  ---------  --------  ----------  --------------  -------------------
/opt/airflow/dags/pipeline_etapas.py                           1           0  19.59s          2026-04-07T02:55:16
================================================================================
[2026-04-07T02:55:50.618+0000] {manager.py:878} INFO - 
================================================================================
DAG File Processing Stats

File Path                               PID  Runtime      # DAGs    # Errors  Last Runtime    Last Run
------------------------------------  -----  ---------  --------  ----------  --------------  -------------------
/opt/airflow/dags/pipeline_etapas.py    502  2.09s             1           0  19.59s          2026-04-07T02:55:16
================================================================================
[2026-04-07T02:56:20.989+0000] {manager.py:878} INFO - 
================================================================================
DAG File Processing Stats

File Path                               PID  Runtime      # DAGs    # Errors  Last Runtime    Last Run
------------------------------------  -----  ---------  --------  ----------  --------------  -------------------
/opt/airflow/dags/pipeline_etapas.py    502  32.40s            1           0  19.59s          2026-04-07T02:55:16
================================================================================
[2026-04-07T02:56:38.888+0000] {manager.py:1203} ERROR - Processor for /opt/airflow/dags/pipeline_etapas.py with PID 502 started at 2026-04-07T02:55:48.439227+00:00 has timed out, killing it.
[2026-04-07T02:56:51.716+0000] {manager.py:878} INFO - 
================================================================================
DAG File Processing Stats

File Path                             PID    Runtime      # DAGs    # Errors  Last Runtime    Last Run
------------------------------------  -----  ---------  --------  ----------  --------------  -------------------
/opt/airflow/dags/pipeline_etapas.py                           0           1  50.42s          2026-04-07T02:56:38
================================================================================
[2026-04-07T02:57:15.650+0000] {manager.py:737} INFO - Searching for files in /opt/airflow/dags
[2026-04-07T02:57:15.657+0000] {manager.py:740} INFO - There are 1 files in /opt/airflow/dags
[2026-04-07T02:57:22.467+0000] {manager.py:878} INFO - 
================================================================================
DAG File Processing Stats

File Path                               PID  Runtime      # DAGs    # Errors  Last Runtime    Last Run
------------------------------------  -----  ---------  --------  ----------  --------------  -------------------
/opt/airflow/dags/pipeline_etapas.py    506  12.71s            0           1  50.42s          2026-04-07T02:56:38
================================================================================
[2026-04-07T02:57:52.698+0000] {manager.py:878} INFO - 
================================================================================
DAG File Processing Stats

File Path                             PID    Runtime      # DAGs    # Errors  Last Runtime    Last Run
------------------------------------  -----  ---------  --------  ----------  --------------  -------------------
/opt/airflow/dags/pipeline_etapas.py                           1           0  24.05s          2026-04-07T02:57:33
================================================================================
[2026-04-07T02:58:23.233+0000] {manager.py:878} INFO - 
================================================================================
DAG File Processing Stats

File Path                             PID    Runtime      # DAGs    # Errors  Last Runtime    Last Run
------------------------------------  -----  ---------  --------  ----------  --------------  -------------------
/opt/airflow/dags/pipeline_etapas.py                           1           0  7.38s           2026-04-07T02:58:11
================================================================================
[2026-04-07T02:58:53.291+0000] {manager.py:878} INFO - 
================================================================================
DAG File Processing Stats

File Path                             PID    Runtime      # DAGs    # Errors  Last Runtime    Last Run
------------------------------------  -----  ---------  --------  ----------  --------------  -------------------
/opt/airflow/dags/pipeline_etapas.py                           1           0  1.84s           2026-04-07T02:58:43
================================================================================
[2026-04-07T02:59:23.549+0000] {manager.py:878} INFO - 
================================================================================
DAG File Processing Stats

File Path                             PID    Runtime      # DAGs    # Errors  Last Runtime    Last Run
------------------------------------  -----  ---------  --------  ----------  --------------  -------------------
/opt/airflow/dags/pipeline_etapas.py                           1           0  7.53s           2026-04-07T02:59:21
================================================================================
[2026-04-07T02:59:54.304+0000] {manager.py:878} INFO - 
================================================================================
DAG File Processing Stats

File Path                               PID  Runtime      # DAGs    # Errors  Last Runtime    Last Run
------------------------------------  -----  ---------  --------  ----------  --------------  -------------------
/opt/airflow/dags/pipeline_etapas.py    530  2.05s             1           0  7.53s           2026-04-07T02:59:21
================================================================================
[2026-04-07T03:00:25.053+0000] {manager.py:878} INFO - 
================================================================================
DAG File Processing Stats

File Path                             PID    Runtime      # DAGs    # Errors  Last Runtime    Last Run
------------------------------------  -----  ---------  --------  ----------  --------------  -------------------
/opt/airflow/dags/pipeline_etapas.py                           1           0  23.71s          2026-04-07T03:00:15
================================================================================
[2026-04-07T03:00:56.081+0000] {manager.py:878} INFO - 
================================================================================
DAG File Processing Stats

File Path                               PID  Runtime      # DAGs    # Errors  Last Runtime    Last Run
------------------------------------  -----  ---------  --------  ----------  --------------  -------------------
/opt/airflow/dags/pipeline_etapas.py    536  8.14s             1           0  23.71s          2026-04-07T03:00:15
================================================================================
[2026-04-07T03:01:46.936+0000] {manager.py:1203} ERROR - Processor for /opt/airflow/dags/pipeline_etapas.py with PID 536 started at 2026-04-07T03:00:47.912193+00:00 has timed out, killing it.
[2026-04-07T03:01:50.335+0000] {manager.py:878} INFO - 
================================================================================
DAG File Processing Stats

File Path                             PID    Runtime      # DAGs    # Errors  Last Runtime    Last Run
------------------------------------  -----  ---------  --------  ----------  --------------  -------------------
/opt/airflow/dags/pipeline_etapas.py                           0           1  54.51s          2026-04-07T03:01:42
================================================================================
[2026-04-07T03:02:15.880+0000] {manager.py:737} INFO - Searching for files in /opt/airflow/dags
[2026-04-07T03:02:15.917+0000] {manager.py:740} INFO - There are 1 files in /opt/airflow/dags
[2026-04-07T03:02:21.253+0000] {manager.py:878} INFO - 
================================================================================
DAG File Processing Stats

File Path                               PID  Runtime      # DAGs    # Errors  Last Runtime    Last Run
------------------------------------  -----  ---------  --------  ----------  --------------  -------------------
/opt/airflow/dags/pipeline_etapas.py    540  8.37s             0           1  54.51s          2026-04-07T03:01:42
================================================================================
[2026-04-07T03:02:51.555+0000] {manager.py:878} INFO - 
================================================================================
DAG File Processing Stats

File Path                             PID    Runtime      # DAGs    # Errors  Last Runtime    Last Run
------------------------------------  -----  ---------  --------  ----------  --------------  -------------------
/opt/airflow/dags/pipeline_etapas.py                           1           0  15.68s          2026-04-07T03:02:28
================================================================================
[2026-04-07T03:03:21.991+0000] {manager.py:878} INFO - 
================================================================================
DAG File Processing Stats

File Path                             PID    Runtime      # DAGs    # Errors  Last Runtime    Last Run
------------------------------------  -----  ---------  --------  ----------  --------------  -------------------
/opt/airflow/dags/pipeline_etapas.py                           1           0  7.44s           2026-04-07T03:03:06
================================================================================
[2026-04-07T03:03:52.522+0000] {manager.py:878} INFO - 
================================================================================
DAG File Processing Stats

File Path                             PID    Runtime      # DAGs    # Errors  Last Runtime    Last Run
------------------------------------  -----  ---------  --------  ----------  --------------  -------------------
/opt/airflow/dags/pipeline_etapas.py                           1           0  6.41s           2026-04-07T03:03:42
================================================================================
[2026-04-07T03:04:23.373+0000] {manager.py:878} INFO - 
================================================================================
DAG File Processing Stats

File Path                               PID  Runtime      # DAGs    # Errors  Last Runtime    Last Run
------------------------------------  -----  ---------  --------  ----------  --------------  -------------------
/opt/airflow/dags/pipeline_etapas.py    558  9.50s             1           0  6.41s           2026-04-07T03:03:42
================================================================================
[2026-04-07T03:04:53.723+0000] {manager.py:878} INFO - 
================================================================================
DAG File Processing Stats

File Path                               PID  Runtime      # DAGs    # Errors  Last Runtime    Last Run
------------------------------------  -----  ---------  --------  ----------  --------------  -------------------
/opt/airflow/dags/pipeline_etapas.py    564  0.07s             1           0  9.61s           2026-04-07T03:04:23
================================================================================
[2026-04-07T03:05:24.370+0000] {manager.py:878} INFO - 
================================================================================
DAG File Processing Stats

File Path                             PID    Runtime      # DAGs    # Errors  Last Runtime    Last Run
------------------------------------  -----  ---------  --------  ----------  --------------  -------------------
/opt/airflow/dags/pipeline_etapas.py                           1           0  11.30s          2026-04-07T03:05:04
================================================================================
[2026-04-07T03:05:55.062+0000] {manager.py:878} INFO - 
================================================================================
DAG File Processing Stats

File Path                             PID    Runtime      # DAGs    # Errors  Last Runtime    Last Run
------------------------------------  -----  ---------  --------  ----------  --------------  -------------------
/opt/airflow/dags/pipeline_etapas.py                           1           0  8.22s           2026-04-07T03:05:43
================================================================================
[2026-04-07T03:06:25.570+0000] {manager.py:878} INFO - 
================================================================================
DAG File Processing Stats

File Path                             PID    Runtime      # DAGs    # Errors  Last Runtime    Last Run
------------------------------------  -----  ---------  --------  ----------  --------------  -------------------
/opt/airflow/dags/pipeline_etapas.py                           1           0  9.90s           2026-04-07T03:06:24
================================================================================
[2026-04-07T03:06:55.988+0000] {manager.py:878} INFO - 
================================================================================
DAG File Processing Stats

File Path                               PID  Runtime      # DAGs    # Errors  Last Runtime    Last Run
------------------------------------  -----  ---------  --------  ----------  --------------  -------------------
/opt/airflow/dags/pipeline_etapas.py    582  1.08s             1           0  9.90s           2026-04-07T03:06:24
================================================================================
[2026-04-07T03:07:16.505+0000] {manager.py:737} INFO - Searching for files in /opt/airflow/dags
[2026-04-07T03:07:16.525+0000] {manager.py:740} INFO - There are 1 files in /opt/airflow/dags
[2026-04-07T03:07:26.640+0000] {manager.py:878} INFO - 
================================================================================
DAG File Processing Stats

File Path                             PID    Runtime      # DAGs    # Errors  Last Runtime    Last Run
------------------------------------  -----  ---------  --------  ----------  --------------  -------------------
/opt/airflow/dags/pipeline_etapas.py                           1           0  13.80s          2026-04-07T03:07:08
================================================================================
[2026-04-07T03:07:56.703+0000] {manager.py:878} INFO - 
================================================================================
DAG File Processing Stats

File Path                             PID    Runtime      # DAGs    # Errors  Last Runtime    Last Run
------------------------------------  -----  ---------  --------  ----------  --------------  -------------------
/opt/airflow/dags/pipeline_etapas.py                           1           0  4.91s           2026-04-07T03:07:45
================================================================================
[2026-04-07T03:08:26.853+0000] {manager.py:878} INFO - 
================================================================================
DAG File Processing Stats

File Path                             PID    Runtime      # DAGs    # Errors  Last Runtime    Last Run
------------------------------------  -----  ---------  --------  ----------  --------------  -------------------
/opt/airflow/dags/pipeline_etapas.py                           1           0  3.02s           2026-04-07T03:08:18
================================================================================
[2026-04-07T03:08:57.031+0000] {manager.py:878} INFO - 
================================================================================
DAG File Processing Stats

File Path                             PID    Runtime      # DAGs    # Errors  Last Runtime    Last Run
------------------------------------  -----  ---------  --------  ----------  --------------  -------------------
/opt/airflow/dags/pipeline_etapas.py                           1           0  5.60s           2026-04-07T03:08:55
================================================================================
[2026-04-07T03:09:27.259+0000] {manager.py:878} INFO - 
================================================================================
DAG File Processing Stats

File Path                               PID  Runtime      # DAGs    # Errors  Last Runtime    Last Run
------------------------------------  -----  ---------  --------  ----------  --------------  -------------------
/opt/airflow/dags/pipeline_etapas.py    608  0.29s             1           0  5.60s           2026-04-07T03:08:55
================================================================================
[2026-04-07T03:09:57.743+0000] {manager.py:878} INFO - 
================================================================================
DAG File Processing Stats

File Path                             PID    Runtime      # DAGs    # Errors  Last Runtime    Last Run
------------------------------------  -----  ---------  --------  ----------  --------------  -------------------
/opt/airflow/dags/pipeline_etapas.py                           1           0  8.02s           2026-04-07T03:09:34
================================================================================
[2026-04-07T03:10:28.067+0000] {manager.py:878} INFO - 
================================================================================
DAG File Processing Stats

File Path                             PID    Runtime      # DAGs    # Errors  Last Runtime    Last Run
------------------------------------  -----  ---------  --------  ----------  --------------  -------------------
/opt/airflow/dags/pipeline_etapas.py                           1           0  3.20s           2026-04-07T03:10:08
================================================================================
[2026-04-07T03:10:58.440+0000] {manager.py:878} INFO - 
================================================================================
DAG File Processing Stats

File Path                             PID    Runtime      # DAGs    # Errors  Last Runtime    Last Run
------------------------------------  -----  ---------  --------  ----------  --------------  -------------------
/opt/airflow/dags/pipeline_etapas.py                           1           0  2.48s           2026-04-07T03:10:41
================================================================================
[2026-04-07T03:11:28.796+0000] {manager.py:878} INFO - 
================================================================================
DAG File Processing Stats

File Path                             PID    Runtime      # DAGs    # Errors  Last Runtime    Last Run
------------------------------------  -----  ---------  --------  ----------  --------------  -------------------
/opt/airflow/dags/pipeline_etapas.py                           1           0  2.53s           2026-04-07T03:11:14
================================================================================
[2026-04-07T03:11:59.624+0000] {manager.py:878} INFO - 
================================================================================
DAG File Processing Stats

File Path                             PID    Runtime      # DAGs    # Errors  Last Runtime    Last Run
------------------------------------  -----  ---------  --------  ----------  --------------  -------------------
/opt/airflow/dags/pipeline_etapas.py                           1           0  13.33s          2026-04-07T03:11:57
================================================================================
[2026-04-07T03:12:16.749+0000] {manager.py:737} INFO - Searching for files in /opt/airflow/dags
[2026-04-07T03:12:16.754+0000] {manager.py:740} INFO - There are 1 files in /opt/airflow/dags
[2026-04-07T03:12:29.897+0000] {manager.py:878} INFO - 
================================================================================
DAG File Processing Stats

File Path                             PID    Runtime      # DAGs    # Errors  Last Runtime    Last Run
------------------------------------  -----  ---------  --------  ----------  --------------  -------------------
/opt/airflow/dags/pipeline_etapas.py                           1           0  1.16s           2026-04-07T03:12:29
================================================================================
[2026-04-07T03:13:00.189+0000] {manager.py:878} INFO - 
================================================================================
DAG File Processing Stats

File Path                               PID  Runtime      # DAGs    # Errors  Last Runtime    Last Run
------------------------------------  -----  ---------  --------  ----------  --------------  -------------------
/opt/airflow/dags/pipeline_etapas.py    669  1.06s             1           0  1.16s           2026-04-07T03:12:29
================================================================================
[2026-04-07T03:13:30.831+0000] {manager.py:878} INFO - 
================================================================================
DAG File Processing Stats

File Path                             PID    Runtime      # DAGs    # Errors  Last Runtime    Last Run
------------------------------------  -----  ---------  --------  ----------  --------------  -------------------
/opt/airflow/dags/pipeline_etapas.py                           1           0  2.69s           2026-04-07T03:13:01
================================================================================
[2026-04-07T03:14:02.501+0000] {manager.py:878} INFO - 
================================================================================
DAG File Processing Stats

File Path                             PID    Runtime      # DAGs    # Errors  Last Runtime    Last Run
------------------------------------  -----  ---------  --------  ----------  --------------  -------------------
/opt/airflow/dags/pipeline_etapas.py                           1           0  1.95s           2026-04-07T03:13:33
================================================================================
[2026-04-07T03:14:32.974+0000] {manager.py:878} INFO - 
================================================================================
DAG File Processing Stats

File Path                             PID    Runtime      # DAGs    # Errors  Last Runtime    Last Run
------------------------------------  -----  ---------  --------  ----------  --------------  -------------------
/opt/airflow/dags/pipeline_etapas.py                           1           0  14.27s          2026-04-07T03:14:18
================================================================================
[2026-04-07T03:15:03.005+0000] {manager.py:878} INFO - 
================================================================================
DAG File Processing Stats

File Path                             PID    Runtime      # DAGs    # Errors  Last Runtime    Last Run
------------------------------------  -----  ---------  --------  ----------  --------------  -------------------
/opt/airflow/dags/pipeline_etapas.py                           1           0  8.87s           2026-04-07T03:14:58
================================================================================
[2026-04-07T03:15:33.196+0000] {manager.py:878} INFO - 
================================================================================
DAG File Processing Stats

File Path                             PID    Runtime      # DAGs    # Errors  Last Runtime    Last Run
------------------------------------  -----  ---------  --------  ----------  --------------  -------------------
/opt/airflow/dags/pipeline_etapas.py                           1           0  1.43s           2026-04-07T03:15:30
================================================================================
[2026-04-07T03:16:03.483+0000] {manager.py:878} INFO - 
================================================================================
DAG File Processing Stats

File Path                               PID  Runtime      # DAGs    # Errors  Last Runtime    Last Run
------------------------------------  -----  ---------  --------  ----------  --------------  -------------------
/opt/airflow/dags/pipeline_etapas.py    708  3.06s             1           0  1.43s           2026-04-07T03:15:30
================================================================================
[2026-04-07T03:16:33.665+0000] {manager.py:878} INFO - 
================================================================================
DAG File Processing Stats

File Path                             PID    Runtime      # DAGs    # Errors  Last Runtime    Last Run
------------------------------------  -----  ---------  --------  ----------  --------------  -------------------
/opt/airflow/dags/pipeline_etapas.py                           1           0  5.50s           2026-04-07T03:16:05
================================================================================
[2026-04-07T03:17:03.918+0000] {manager.py:878} INFO - 
================================================================================
DAG File Processing Stats

File Path                             PID    Runtime      # DAGs    # Errors  Last Runtime    Last Run
------------------------------------  -----  ---------  --------  ----------  --------------  -------------------
/opt/airflow/dags/pipeline_etapas.py                           1           0  4.73s           2026-04-07T03:16:41
================================================================================
[2026-04-07T03:17:17.039+0000] {manager.py:737} INFO - Searching for files in /opt/airflow/dags
[2026-04-07T03:17:17.042+0000] {manager.py:740} INFO - There are 1 files in /opt/airflow/dags
[2026-04-07T03:17:34.108+0000] {manager.py:878} INFO - 
================================================================================
DAG File Processing Stats

File Path                             PID    Runtime      # DAGs    # Errors  Last Runtime    Last Run
------------------------------------  -----  ---------  --------  ----------  --------------  -------------------
/opt/airflow/dags/pipeline_etapas.py                           1           0  6.53s           2026-04-07T03:17:17
================================================================================
[2026-04-07T03:18:04.844+0000] {manager.py:878} INFO - 
================================================================================
DAG File Processing Stats

File Path                             PID    Runtime      # DAGs    # Errors  Last Runtime    Last Run
------------------------------------  -----  ---------  --------  ----------  --------------  -------------------
/opt/airflow/dags/pipeline_etapas.py                           1           0  1.75s           2026-04-07T03:17:49
================================================================================
[2026-04-07T03:18:35.224+0000] {manager.py:878} INFO - 
================================================================================
DAG File Processing Stats

File Path                             PID    Runtime      # DAGs    # Errors  Last Runtime    Last Run
------------------------------------  -----  ---------  --------  ----------  --------------  -------------------
/opt/airflow/dags/pipeline_etapas.py                           1           0  2.17s           2026-04-07T03:18:22
================================================================================
[2026-04-07T03:19:05.261+0000] {manager.py:878} INFO - 
================================================================================
DAG File Processing Stats

File Path                             PID    Runtime      # DAGs    # Errors  Last Runtime    Last Run
------------------------------------  -----  ---------  --------  ----------  --------------  -------------------
/opt/airflow/dags/pipeline_etapas.py                           1           0  3.38s           2026-04-07T03:18:55
================================================================================
[2026-04-07T03:19:35.465+0000] {manager.py:878} INFO - 
================================================================================
DAG File Processing Stats

File Path                             PID    Runtime      # DAGs    # Errors  Last Runtime    Last Run
------------------------------------  -----  ---------  --------  ----------  --------------  -------------------
/opt/airflow/dags/pipeline_etapas.py                           1           0  4.00s           2026-04-07T03:19:29
================================================================================
[2026-04-07T03:20:05.597+0000] {manager.py:878} INFO - 
================================================================================
DAG File Processing Stats

File Path                             PID    Runtime      # DAGs    # Errors  Last Runtime    Last Run
------------------------------------  -----  ---------  --------  ----------  --------------  -------------------
/opt/airflow/dags/pipeline_etapas.py                           1           0  2.56s           2026-04-07T03:20:02
================================================================================
[2026-04-07T03:20:36.496+0000] {manager.py:878} INFO - 
================================================================================
DAG File Processing Stats

File Path                             PID    Runtime      # DAGs    # Errors  Last Runtime    Last Run
------------------------------------  -----  ---------  --------  ----------  --------------  -------------------
/opt/airflow/dags/pipeline_etapas.py                           1           0  1.04s           2026-04-07T03:20:28
================================================================================
[2026-04-07T03:21:06.567+0000] {manager.py:878} INFO - 
================================================================================
DAG File Processing Stats

File Path                             PID    Runtime      # DAGs    # Errors  Last Runtime    Last Run
------------------------------------  -----  ---------  --------  ----------  --------------  -------------------
/opt/airflow/dags/pipeline_etapas.py                           1           0  6.61s           2026-04-07T03:21:05
================================================================================
[2026-04-07T03:21:36.728+0000] {manager.py:878} INFO - 
================================================================================
DAG File Processing Stats

File Path                               PID  Runtime      # DAGs    # Errors  Last Runtime    Last Run
------------------------------------  -----  ---------  --------  ----------  --------------  -------------------
/opt/airflow/dags/pipeline_etapas.py    807  1.03s             1           0  6.61s           2026-04-07T03:21:05
================================================================================
[2026-04-07T03:22:07.038+0000] {manager.py:878} INFO - 
================================================================================
DAG File Processing Stats

File Path                             PID    Runtime      # DAGs    # Errors  Last Runtime    Last Run
------------------------------------  -----  ---------  --------  ----------  --------------  -------------------
/opt/airflow/dags/pipeline_etapas.py                           1           0  9.46s           2026-04-07T03:21:45
================================================================================
[2026-04-07T03:22:18.659+0000] {manager.py:737} INFO - Searching for files in /opt/airflow/dags
[2026-04-07T03:22:18.686+0000] {manager.py:740} INFO - There are 1 files in /opt/airflow/dags
[2026-04-07T03:22:37.222+0000] {manager.py:878} INFO - 
================================================================================
DAG File Processing Stats

File Path                             PID    Runtime      # DAGs    # Errors  Last Runtime    Last Run
------------------------------------  -----  ---------  --------  ----------  --------------  -------------------
/opt/airflow/dags/pipeline_etapas.py                           1           0  15.84s          2026-04-07T03:22:31
================================================================================
[2026-04-07T03:23:07.499+0000] {manager.py:878} INFO - 
================================================================================
DAG File Processing Stats

File Path                               PID  Runtime      # DAGs    # Errors  Last Runtime    Last Run
------------------------------------  -----  ---------  --------  ----------  --------------  -------------------
/opt/airflow/dags/pipeline_etapas.py    819  6.08s             1           0  15.84s          2026-04-07T03:22:31
================================================================================
[2026-04-07T03:23:37.683+0000] {manager.py:878} INFO - 
================================================================================
DAG File Processing Stats

File Path                             PID    Runtime      # DAGs    # Errors  Last Runtime    Last Run
------------------------------------  -----  ---------  --------  ----------  --------------  -------------------
/opt/airflow/dags/pipeline_etapas.py                           1           0  6.53s           2026-04-07T03:23:07
================================================================================
[2026-04-07T03:24:08.335+0000] {manager.py:878} INFO - 
================================================================================
DAG File Processing Stats

File Path                             PID    Runtime      # DAGs    # Errors  Last Runtime    Last Run
------------------------------------  -----  ---------  --------  ----------  --------------  -------------------
/opt/airflow/dags/pipeline_etapas.py                           1           0  1.18s           2026-04-07T03:23:39
================================================================================
[2026-04-07T03:24:38.665+0000] {manager.py:878} INFO - 
================================================================================
DAG File Processing Stats

File Path                             PID    Runtime      # DAGs    # Errors  Last Runtime    Last Run
------------------------------------  -----  ---------  --------  ----------  --------------  -------------------
/opt/airflow/dags/pipeline_etapas.py                           1           0  2.71s           2026-04-07T03:24:12
================================================================================
[2026-04-07T03:25:08.873+0000] {manager.py:878} INFO - 
================================================================================
DAG File Processing Stats

File Path                             PID    Runtime      # DAGs    # Errors  Last Runtime    Last Run
------------------------------------  -----  ---------  --------  ----------  --------------  -------------------
/opt/airflow/dags/pipeline_etapas.py                           1           0  0.83s           2026-04-07T03:24:43
================================================================================
[2026-04-07T03:25:39.090+0000] {manager.py:878} INFO - 
================================================================================
DAG File Processing Stats

File Path                             PID    Runtime      # DAGs    # Errors  Last Runtime    Last Run
------------------------------------  -----  ---------  --------  ----------  --------------  -------------------
/opt/airflow/dags/pipeline_etapas.py                           1           0  0.71s           2026-04-07T03:25:13
================================================================================
[2026-04-07T03:26:09.307+0000] {manager.py:878} INFO - 
================================================================================
DAG File Processing Stats

File Path                             PID    Runtime      # DAGs    # Errors  Last Runtime    Last Run
------------------------------------  -----  ---------  --------  ----------  --------------  -------------------
/opt/airflow/dags/pipeline_etapas.py                           1           0  0.72s           2026-04-07T03:25:44
================================================================================
[2026-04-07T03:26:39.473+0000] {manager.py:878} INFO - 
================================================================================
DAG File Processing Stats

File Path                             PID    Runtime      # DAGs    # Errors  Last Runtime    Last Run
------------------------------------  -----  ---------  --------  ----------  --------------  -------------------
/opt/airflow/dags/pipeline_etapas.py                           1           0  0.92s           2026-04-07T03:26:15
================================================================================
[2026-04-07T03:27:09.674+0000] {manager.py:878} INFO - 
================================================================================
DAG File Processing Stats

File Path                             PID    Runtime      # DAGs    # Errors  Last Runtime    Last Run
------------------------------------  -----  ---------  --------  ----------  --------------  -------------------
/opt/airflow/dags/pipeline_etapas.py                           1           0  0.82s           2026-04-07T03:26:47
================================================================================
[2026-04-07T03:27:18.766+0000] {manager.py:737} INFO - Searching for files in /opt/airflow/dags
[2026-04-07T03:27:18.774+0000] {manager.py:740} INFO - There are 1 files in /opt/airflow/dags
[2026-04-07T03:27:40.310+0000] {manager.py:878} INFO - 
================================================================================
DAG File Processing Stats

File Path                             PID    Runtime      # DAGs    # Errors  Last Runtime    Last Run
------------------------------------  -----  ---------  --------  ----------  --------------  -------------------
/opt/airflow/dags/pipeline_etapas.py                           1           0  3.62s           2026-04-07T03:27:20
================================================================================
[2026-04-07T03:28:10.678+0000] {manager.py:878} INFO - 
================================================================================
DAG File Processing Stats

File Path                             PID    Runtime      # DAGs    # Errors  Last Runtime    Last Run
------------------------------------  -----  ---------  --------  ----------  --------------  -------------------
/opt/airflow/dags/pipeline_etapas.py                           1           0  8.16s           2026-04-07T03:27:59
================================================================================
[2026-04-07T03:28:40.764+0000] {manager.py:878} INFO - 
================================================================================
DAG File Processing Stats

File Path                             PID    Runtime      # DAGs    # Errors  Last Runtime    Last Run
------------------------------------  -----  ---------  --------  ----------  --------------  -------------------
/opt/airflow/dags/pipeline_etapas.py                           1           0  1.88s           2026-04-07T03:28:31
================================================================================
[2026-04-07T03:29:10.816+0000] {manager.py:878} INFO - 
================================================================================
DAG File Processing Stats

File Path                             PID    Runtime      # DAGs    # Errors  Last Runtime    Last Run
------------------------------------  -----  ---------  --------  ----------  --------------  -------------------
/opt/airflow/dags/pipeline_etapas.py                           1           0  3.61s           2026-04-07T03:29:06
================================================================================
[2026-04-07T03:29:41.002+0000] {manager.py:878} INFO - 
================================================================================
DAG File Processing Stats

File Path                             PID    Runtime      # DAGs    # Errors  Last Runtime    Last Run
------------------------------------  -----  ---------  --------  ----------  --------------  -------------------
/opt/airflow/dags/pipeline_etapas.py                           1           0  3.87s           2026-04-07T03:29:40
================================================================================
[2026-04-07T03:30:11.241+0000] {manager.py:878} INFO - 
================================================================================
DAG File Processing Stats

File Path                               PID  Runtime      # DAGs    # Errors  Last Runtime    Last Run
------------------------------------  -----  ---------  --------  ----------  --------------  -------------------
/opt/airflow/dags/pipeline_etapas.py    897  0.57s             1           0  3.87s           2026-04-07T03:29:40
================================================================================
[2026-04-07T03:30:41.412+0000] {manager.py:878} INFO - 
================================================================================
DAG File Processing Stats

File Path                             PID    Runtime      # DAGs    # Errors  Last Runtime    Last Run
------------------------------------  -----  ---------  --------  ----------  --------------  -------------------
/opt/airflow/dags/pipeline_etapas.py                           1           0  4.06s           2026-04-07T03:30:14
================================================================================
[2026-04-07T03:31:11.635+0000] {manager.py:878} INFO - 
================================================================================
DAG File Processing Stats

File Path                             PID    Runtime      # DAGs    # Errors  Last Runtime    Last Run
------------------------------------  -----  ---------  --------  ----------  --------------  -------------------
/opt/airflow/dags/pipeline_etapas.py                           1           0  2.67s           2026-04-07T03:30:47
================================================================================
[2026-04-07T03:31:41.977+0000] {manager.py:878} INFO - 
================================================================================
DAG File Processing Stats

File Path                             PID    Runtime      # DAGs    # Errors  Last Runtime    Last Run
------------------------------------  -----  ---------  --------  ----------  --------------  -------------------
/opt/airflow/dags/pipeline_etapas.py                           1           0  2.39s           2026-04-07T03:31:20
================================================================================
[2026-04-07T03:32:12.173+0000] {manager.py:878} INFO - 
================================================================================
DAG File Processing Stats

File Path                             PID    Runtime      # DAGs    # Errors  Last Runtime    Last Run
------------------------------------  -----  ---------  --------  ----------  --------------  -------------------
/opt/airflow/dags/pipeline_etapas.py                           1           0  2.89s           2026-04-07T03:31:53
================================================================================
[2026-04-07T03:32:19.217+0000] {manager.py:737} INFO - Searching for files in /opt/airflow/dags
[2026-04-07T03:32:19.222+0000] {manager.py:740} INFO - There are 1 files in /opt/airflow/dags
[2026-04-07T03:32:42.558+0000] {manager.py:878} INFO - 
================================================================================
DAG File Processing Stats

File Path                             PID    Runtime      # DAGs    # Errors  Last Runtime    Last Run
------------------------------------  -----  ---------  --------  ----------  --------------  -------------------
/opt/airflow/dags/pipeline_etapas.py                           1           0  6.40s           2026-04-07T03:32:29
================================================================================
