[2026-04-07T03:20:58.874+0000] {local_task_job_runner.py:120} INFO - ::group::Pre task execution logs
[2026-04-07T03:20:58.936+0000] {taskinstance.py:2073} INFO - Dependencies all met for dep_context=non-requeueable deps ti=<TaskInstance: pipeline_bronze_prata_ouro.carregar_ouro manual__2026-04-07T03:20:44.884448+00:00 [queued]>
[2026-04-07T03:20:58.949+0000] {taskinstance.py:2073} INFO - Dependencies all met for dep_context=requeueable deps ti=<TaskInstance: pipeline_bronze_prata_ouro.carregar_ouro manual__2026-04-07T03:20:44.884448+00:00 [queued]>
[2026-04-07T03:20:58.950+0000] {taskinstance.py:2303} INFO - Starting attempt 1 of 1
[2026-04-07T03:20:59.339+0000] {taskinstance.py:2327} INFO - Executing <Task(PythonOperator): carregar_ouro> on 2026-04-07 03:20:44.884448+00:00
[2026-04-07T03:20:59.368+0000] {logging_mixin.py:188} WARNING - /home/***/.local/lib/python3.12/site-packages/***/task/task_runner/standard_task_runner.py:61 DeprecationWarning: This process (pid=798) is multi-threaded, use of fork() may lead to deadlocks in the child.
[2026-04-07T03:20:59.370+0000] {standard_task_runner.py:63} INFO - Started process 804 to run task
[2026-04-07T03:20:59.362+0000] {standard_task_runner.py:90} INFO - Running: ['***', 'tasks', 'run', 'pipeline_bronze_prata_ouro', 'carregar_ouro', 'manual__2026-04-07T03:20:44.884448+00:00', '--job-id', '20', '--raw', '--subdir', 'DAGS_FOLDER/pipeline_etapas.py', '--cfg-path', '/tmp/tmpvcrm62yx']
[2026-04-07T03:20:59.370+0000] {standard_task_runner.py:91} INFO - Job 20: Subtask carregar_ouro
[2026-04-07T03:20:59.473+0000] {task_command.py:426} INFO - Running <TaskInstance: pipeline_bronze_prata_ouro.carregar_ouro manual__2026-04-07T03:20:44.884448+00:00 [running]> on host 5e832f466e05
[2026-04-07T03:20:59.731+0000] {taskinstance.py:2644} INFO - Exporting env vars: AIRFLOW_CTX_DAG_OWNER='***' AIRFLOW_CTX_DAG_ID='pipeline_bronze_prata_ouro' AIRFLOW_CTX_TASK_ID='carregar_ouro' AIRFLOW_CTX_EXECUTION_DATE='2026-04-07T03:20:44.884448+00:00' AIRFLOW_CTX_TRY_NUMBER='1' AIRFLOW_CTX_DAG_RUN_ID='manual__2026-04-07T03:20:44.884448+00:00'
[2026-04-07T03:20:59.744+0000] {taskinstance.py:430} INFO - ::endgroup::
[2026-04-07T03:20:59.814+0000] {logging_mixin.py:188} INFO - Carregando dados na Ouro...
[2026-04-07T03:21:03.533+0000] {logging_mixin.py:188} WARNING - /opt/***/dags/pipeline_etapas.py:50 FutureWarning: The default of observed=False is deprecated and will be changed to True in a future version of pandas. Pass observed=False to retain current behavior or observed=True to adopt the future default and silence this warning.
[2026-04-07T03:21:04.223+0000] {python.py:237} INFO - Done. Returned value was: None
[2026-04-07T03:21:04.224+0000] {taskinstance.py:441} INFO - ::group::Post task execution logs
[2026-04-07T03:21:04.619+0000] {taskinstance.py:1205} INFO - Marking task as SUCCESS. dag_id=pipeline_bronze_prata_ouro, task_id=carregar_ouro, execution_date=20260407T032044, start_date=20260407T032058, end_date=20260407T032104
[2026-04-07T03:21:04.744+0000] {local_task_job_runner.py:240} INFO - Task exited with return code 0
[2026-04-07T03:21:04.779+0000] {taskinstance.py:3482} INFO - 0 downstream tasks scheduled from follow-on schedule check
[2026-04-07T03:21:04.787+0000] {local_task_job_runner.py:222} INFO - ::endgroup::
