[2026-04-07T03:10:17.807+0000] {local_task_job_runner.py:120} INFO - ::group::Pre task execution logs
[2026-04-07T03:10:17.867+0000] {taskinstance.py:2073} INFO - Dependencies all met for dep_context=non-requeueable deps ti=<TaskInstance: pipeline_bronze_prata_ouro.carregar_bronze manual__2026-04-07T03:10:14.662398+00:00 [queued]>
[2026-04-07T03:10:17.881+0000] {taskinstance.py:2073} INFO - Dependencies all met for dep_context=requeueable deps ti=<TaskInstance: pipeline_bronze_prata_ouro.carregar_bronze manual__2026-04-07T03:10:14.662398+00:00 [queued]>
[2026-04-07T03:10:17.881+0000] {taskinstance.py:2303} INFO - Starting attempt 1 of 1
[2026-04-07T03:10:18.307+0000] {taskinstance.py:2327} INFO - Executing <Task(PythonOperator): carregar_bronze> on 2026-04-07 03:10:14.662398+00:00
[2026-04-07T03:10:18.334+0000] {standard_task_runner.py:90} INFO - Running: ['***', 'tasks', 'run', 'pipeline_bronze_prata_ouro', 'carregar_bronze', 'manual__2026-04-07T03:10:14.662398+00:00', '--job-id', '9', '--raw', '--subdir', 'DAGS_FOLDER/pipeline_etapas.py', '--cfg-path', '/tmp/tmp26w_ngh6']
[2026-04-07T03:10:18.347+0000] {standard_task_runner.py:91} INFO - Job 9: Subtask carregar_bronze
[2026-04-07T03:10:18.346+0000] {logging_mixin.py:188} WARNING - /home/***/.local/lib/python3.12/site-packages/***/task/task_runner/standard_task_runner.py:61 DeprecationWarning: This process (pid=627) is multi-threaded, use of fork() may lead to deadlocks in the child.
[2026-04-07T03:10:18.348+0000] {standard_task_runner.py:63} INFO - Started process 629 to run task
[2026-04-07T03:10:18.495+0000] {task_command.py:426} INFO - Running <TaskInstance: pipeline_bronze_prata_ouro.carregar_bronze manual__2026-04-07T03:10:14.662398+00:00 [running]> on host 5e832f466e05
[2026-04-07T03:10:18.654+0000] {taskinstance.py:2644} INFO - Exporting env vars: AIRFLOW_CTX_DAG_OWNER='***' AIRFLOW_CTX_DAG_ID='pipeline_bronze_prata_ouro' AIRFLOW_CTX_TASK_ID='carregar_bronze' AIRFLOW_CTX_EXECUTION_DATE='2026-04-07T03:10:14.662398+00:00' AIRFLOW_CTX_TRY_NUMBER='1' AIRFLOW_CTX_DAG_RUN_ID='manual__2026-04-07T03:10:14.662398+00:00'
[2026-04-07T03:10:18.656+0000] {taskinstance.py:430} INFO - ::endgroup::
[2026-04-07T03:10:18.689+0000] {logging_mixin.py:188} INFO - Carregando dados na Bronze...
[2026-04-07T03:10:20.071+0000] {logging_mixin.py:188} INFO -           id                name  ... signup_date subscription_status
0          1            John Doe  ...  2020-11-01              active
1          2          Jane Smith  ...  2019-06-17              active
2          3         Bob Johnson  ...  2018-12-12            inactive
3          4         Alice Brown  ...  2021-01-05              active
4          5       Charlie Black  ...         NaN            inactive
...      ...                 ...  ...         ...                 ...
99994  99995  Alexandria Garrett  ...  2020-10-28              active
99995  99996                 NaN  ...  2021-02-12              active
99996  99997                 NaN  ...  2022-05-21              active
99997  99998    Steven Brady Jr.  ...  2024-03-11              active
99998  99999   Jennifer Calderon  ...  2023-11-10            inactive

[99999 rows x 6 columns]
[2026-04-07T03:10:20.112+0000] {python.py:237} INFO - Done. Returned value was: None
[2026-04-07T03:10:20.113+0000] {taskinstance.py:441} INFO - ::group::Post task execution logs
[2026-04-07T03:10:21.008+0000] {taskinstance.py:1205} INFO - Marking task as SUCCESS. dag_id=pipeline_bronze_prata_ouro, task_id=carregar_bronze, execution_date=20260407T031014, start_date=20260407T031017, end_date=20260407T031021
[2026-04-07T03:10:21.231+0000] {local_task_job_runner.py:240} INFO - Task exited with return code 0
[2026-04-07T03:10:21.309+0000] {taskinstance.py:3482} INFO - 1 downstream tasks scheduled from follow-on schedule check
[2026-04-07T03:10:21.311+0000] {local_task_job_runner.py:222} INFO - ::endgroup::
