[2026-04-07T03:10:24.517+0000] {local_task_job_runner.py:120} INFO - ::group::Pre task execution logs
[2026-04-07T03:10:24.699+0000] {taskinstance.py:2073} INFO - Dependencies all met for dep_context=non-requeueable deps ti=<TaskInstance: pipeline_bronze_prata_ouro.transformar_prata manual__2026-04-07T03:10:14.662398+00:00 [queued]>
[2026-04-07T03:10:24.712+0000] {taskinstance.py:2073} INFO - Dependencies all met for dep_context=requeueable deps ti=<TaskInstance: pipeline_bronze_prata_ouro.transformar_prata manual__2026-04-07T03:10:14.662398+00:00 [queued]>
[2026-04-07T03:10:24.712+0000] {taskinstance.py:2303} INFO - Starting attempt 1 of 1
[2026-04-07T03:10:25.213+0000] {taskinstance.py:2327} INFO - Executing <Task(PythonOperator): transformar_prata> on 2026-04-07 03:10:14.662398+00:00
[2026-04-07T03:10:25.232+0000] {logging_mixin.py:188} WARNING - /home/***/.local/lib/python3.12/site-packages/***/task/task_runner/standard_task_runner.py:61 DeprecationWarning: This process (pid=630) is multi-threaded, use of fork() may lead to deadlocks in the child.
[2026-04-07T03:10:25.231+0000] {standard_task_runner.py:90} INFO - Running: ['***', 'tasks', 'run', 'pipeline_bronze_prata_ouro', 'transformar_prata', 'manual__2026-04-07T03:10:14.662398+00:00', '--job-id', '10', '--raw', '--subdir', 'DAGS_FOLDER/pipeline_etapas.py', '--cfg-path', '/tmp/tmp4uc6h79h']
[2026-04-07T03:10:25.235+0000] {standard_task_runner.py:63} INFO - Started process 632 to run task
[2026-04-07T03:10:25.235+0000] {standard_task_runner.py:91} INFO - Job 10: Subtask transformar_prata
[2026-04-07T03:10:25.303+0000] {task_command.py:426} INFO - Running <TaskInstance: pipeline_bronze_prata_ouro.transformar_prata manual__2026-04-07T03:10:14.662398+00:00 [running]> on host 5e832f466e05
[2026-04-07T03:10:25.398+0000] {taskinstance.py:2644} INFO - Exporting env vars: AIRFLOW_CTX_DAG_OWNER='***' AIRFLOW_CTX_DAG_ID='pipeline_bronze_prata_ouro' AIRFLOW_CTX_TASK_ID='transformar_prata' AIRFLOW_CTX_EXECUTION_DATE='2026-04-07T03:10:14.662398+00:00' AIRFLOW_CTX_TRY_NUMBER='1' AIRFLOW_CTX_DAG_RUN_ID='manual__2026-04-07T03:10:14.662398+00:00'
[2026-04-07T03:10:25.399+0000] {taskinstance.py:430} INFO - ::endgroup::
[2026-04-07T03:10:25.431+0000] {logging_mixin.py:188} INFO - Transformando dados para Prata...
[2026-04-07T03:10:25.919+0000] {logging_mixin.py:188} INFO -           id                name  ... subscription_status age
0          1            John Doe  ...              active  41
1          2          Jane Smith  ...              active  35
2          3         Bob Johnson  ...            inactive  49
3          4         Alice Brown  ...              active  43
4          5       Charlie Black  ...            inactive  37
...      ...                 ...  ...                 ...  ..
99991  99992         Kelly Lopez  ...            inactive  45
99992  99993        Nicole Davis  ...            inactive  35
99993  99994          James Reid  ...              active  74
99994  99995  Alexandria Garrett  ...              active  73
99998  99999   Jennifer Calderon  ...            inactive  40

[42196 rows x 7 columns]
[2026-04-07T03:10:25.927+0000] {python.py:237} INFO - Done. Returned value was: None
[2026-04-07T03:10:25.927+0000] {taskinstance.py:441} INFO - ::group::Post task execution logs
[2026-04-07T03:10:25.952+0000] {taskinstance.py:1205} INFO - Marking task as SUCCESS. dag_id=pipeline_bronze_prata_ouro, task_id=transformar_prata, execution_date=20260407T031014, start_date=20260407T031024, end_date=20260407T031025
[2026-04-07T03:10:26.015+0000] {local_task_job_runner.py:240} INFO - Task exited with return code 0
[2026-04-07T03:10:26.038+0000] {taskinstance.py:3482} INFO - 1 downstream tasks scheduled from follow-on schedule check
[2026-04-07T03:10:26.040+0000] {local_task_job_runner.py:222} INFO - ::endgroup::
